*
* Visual Studio Code Server
*
* By using the software, you agree to
* the Visual Studio Code Server License Terms (https://aka.ms/vscode-server-license) and
* the Microsoft Privacy Statement (https://privacy.microsoft.com/en-US/privacystatement).
*
Server bound to 127.0.0.1:37665 (IPv4)
Extension host agent listening on 37665

[14:47:40] 




[14:47:40] Extension host agent started.
[14:47:40] Started initializing default profile extensions in extensions installation folder. file:///home/ec2-user/.vscode-server/extensions
[14:47:40] Completed initializing default profile extensions in extensions installation folder. file:///home/ec2-user/.vscode-server/extensions
[14:47:40] [127.0.0.1][eb9a0f7f][ExtensionHostConnection] New connection established.
[14:47:40] [127.0.0.1][8d0aa5cc][ManagementConnection] New connection established.
[14:47:41] [127.0.0.1][eb9a0f7f][ExtensionHostConnection] <26242> Launched Extension Host Process.
[14:47:46] [127.0.0.1][8d0aa5cc][ManagementConnection] The client has disconnected gracefully, so the connection will be disposed.
[14:47:46] [127.0.0.1][eb9a0f7f][ExtensionHostConnection] <26242> Extension Host Process exited with code: 0, signal: null.
Cancelling previous shutdown timeout
[14:47:46] Cancelling previous shutdown timeout
Last EH closed, waiting before shutting down
[14:47:46] Last EH closed, waiting before shutting down
Got delay-shutdown request while in shutdown timeout, delaying
[14:47:49] Got delay-shutdown request while in shutdown timeout, delaying
Cancelling previous shutdown timeout
[14:47:49] Cancelling previous shutdown timeout
[14:47:50] [127.0.0.1][ed4a81b4][ManagementConnection] New connection established.
[14:47:50] [127.0.0.1][e8fbf40a][ExtensionHostConnection] New connection established.
[14:47:50] [127.0.0.1][e8fbf40a][ExtensionHostConnection] <26396> Launched Extension Host Process.
rejected promise not handled within 1 second: CodeExpectedError: Could not find pty on pty host
stack trace: CodeExpectedError: Could not find pty on pty host
    at L.U (/home/ec2-user/.vscode-server/bin/d037ac076cee195194f93ce6fe2bdfe2969cc82d/out/vs/platform/terminal/node/ptyHostMain.js:43:32314)
    at L.updateTitle (/home/ec2-user/.vscode-server/bin/d037ac076cee195194f93ce6fe2bdfe2969cc82d/out/vs/platform/terminal/node/ptyHostMain.js:43:27475)
    at W.<computed> (/home/ec2-user/.vscode-server/bin/d037ac076cee195194f93ce6fe2bdfe2969cc82d/out/vs/platform/terminal/node/ptyHostMain.js:43:22722)
    at Object.call (/home/ec2-user/.vscode-server/bin/d037ac076cee195194f93ce6fe2bdfe2969cc82d/out/vs/platform/terminal/node/ptyHostMain.js:34:5005)
    at c.s (/home/ec2-user/.vscode-server/bin/d037ac076cee195194f93ce6fe2bdfe2969cc82d/out/vs/platform/terminal/node/ptyHostMain.js:32:5118)
    at c.q (/home/ec2-user/.vscode-server/bin/d037ac076cee195194f93ce6fe2bdfe2969cc82d/out/vs/platform/terminal/node/ptyHostMain.js:32:4641)
    at g.value (/home/ec2-user/.vscode-server/bin/d037ac076cee195194f93ce6fe2bdfe2969cc82d/out/vs/platform/terminal/node/ptyHostMain.js:32:4052)
    at r.y (/home/ec2-user/.vscode-server/bin/d037ac076cee195194f93ce6fe2bdfe2969cc82d/out/vs/platform/terminal/node/ptyHostMain.js:27:1902)
    at r.fire (/home/ec2-user/.vscode-server/bin/d037ac076cee195194f93ce6fe2bdfe2969cc82d/out/vs/platform/terminal/node/ptyHostMain.js:27:2119)
    at process.le (/home/ec2-user/.vscode-server/bin/d037ac076cee195194f93ce6fe2bdfe2969cc82d/out/vs/platform/terminal/node/ptyHostMain.js:25:9948)
    at process.emit (node:events:513:28)
    at emit (node:internal/child_process:937:14)
    at process.processTicksAndRejections (node:internal/process/task_queues:83:21)
[14:47:52] Error [CodeExpectedError]: Could not find pty on pty host
    at L.U (/home/ec2-user/.vscode-server/bin/d037ac076cee195194f93ce6fe2bdfe2969cc82d/out/vs/platform/terminal/node/ptyHostMain.js:43:32314)
    at L.updateTitle (/home/ec2-user/.vscode-server/bin/d037ac076cee195194f93ce6fe2bdfe2969cc82d/out/vs/platform/terminal/node/ptyHostMain.js:43:27475)
    at W.<computed> (/home/ec2-user/.vscode-server/bin/d037ac076cee195194f93ce6fe2bdfe2969cc82d/out/vs/platform/terminal/node/ptyHostMain.js:43:22722)
    at Object.call (/home/ec2-user/.vscode-server/bin/d037ac076cee195194f93ce6fe2bdfe2969cc82d/out/vs/platform/terminal/node/ptyHostMain.js:34:5005)
    at c.s (/home/ec2-user/.vscode-server/bin/d037ac076cee195194f93ce6fe2bdfe2969cc82d/out/vs/platform/terminal/node/ptyHostMain.js:32:5118)
    at c.q (/home/ec2-user/.vscode-server/bin/d037ac076cee195194f93ce6fe2bdfe2969cc82d/out/vs/platform/terminal/node/ptyHostMain.js:32:4641)
    at g.value (/home/ec2-user/.vscode-server/bin/d037ac076cee195194f93ce6fe2bdfe2969cc82d/out/vs/platform/terminal/node/ptyHostMain.js:32:4052)
    at r.y (/home/ec2-user/.vscode-server/bin/d037ac076cee195194f93ce6fe2bdfe2969cc82d/out/vs/platform/terminal/node/ptyHostMain.js:27:1902)
    at r.fire (/home/ec2-user/.vscode-server/bin/d037ac076cee195194f93ce6fe2bdfe2969cc82d/out/vs/platform/terminal/node/ptyHostMain.js:27:2119)
    at process.le (/home/ec2-user/.vscode-server/bin/d037ac076cee195194f93ce6fe2bdfe2969cc82d/out/vs/platform/terminal/node/ptyHostMain.js:25:9948)
    at process.emit (node:events:513:28)
    at emit (node:internal/child_process:937:14)
    at process.processTicksAndRejections (node:internal/process/task_queues:83:21)
New EH opened, aborting shutdown
[14:52:49] New EH opened, aborting shutdown
